# JRE version: Java(TM) SE Runtime Environment (17.0.7+8) (build 17.0.7+8-LTS-224)
# Java VM: Java HotSpot(TM) 64-Bit Server VM (17.0.7+8-LTS-224, mixed mode, sharing, tiered, compressed oops, compressed class ptrs, g1 gc, windows-amd64)
GC Precious Log:
 CPUs: 16 total, 16 available
 Memory: 3405M
 Large Page Support: Disabled
 NUMA Support: Disabled
 Compressed Oops: Enabled (32-bit)
 Heap Region Size: 1M
 Heap Min Capacity: 8M
 Heap Initial Capacity: 54M
 Heap Max Capacity: 852M
 Pre-touch: Disabled
 Parallel Workers: 13
 Concurrent Workers: 3
 Concurrent Refinement Workers: 13
 Periodic GC: Disabled
Heap:
 garbage-first heap   total 116736K, used 109895K [0x00000000cac00000, 0x0000000100000000)
  region size 1024K, 1 young (1024K), 1 survivors (1024K)
 Metaspace       used 29826K, committed 30080K, reserved 1081344K
  class space    used 3385K, committed 3520K, reserved 1048576K
GC Heap History (20 events):
Event: 16.410 GC heap after
{Heap after GC invocations=11 (full 0):
 garbage-first heap   total 74752K, used 30906K [0x00000000cac00000, 0x0000000100000000)
  region size 1024K, 2 young (2048K), 2 survivors (2048K)
 Metaspace       used 25987K, committed 26240K, reserved 1073152K
  class space    used 2980K, committed 3136K, reserved 1048576K
}
Event: 17.600 GC heap before
{Heap before GC invocations=12 (full 0):
 garbage-first heap   total 74752K, used 51386K [0x00000000cac00000, 0x0000000100000000)
  region size 1024K, 22 young (22528K), 2 survivors (2048K)
 Metaspace       used 26917K, committed 27328K, reserved 1073152K
  class space    used 3019K, committed 3264K, reserved 1048576K
}
Event: 17.612 GC heap after
{Heap after GC invocations=13 (full 0):
 garbage-first heap   total 74752K, used 32269K [0x00000000cac00000, 0x0000000100000000)
  region size 1024K, 1 young (1024K), 1 survivors (1024K)
 Metaspace       used 26917K, committed 27328K, reserved 1073152K
  class space    used 3019K, committed 3264K, reserved 1048576K
}
Event: 19.075 GC heap before
{Heap before GC invocations=13 (full 0):
 garbage-first heap   total 74752K, used 52749K [0x00000000cac00000, 0x0000000100000000)
  region size 1024K, 21 young (21504K), 1 survivors (1024K)
 Metaspace       used 27387K, committed 27776K, reserved 1073152K
  class space    used 3060K, committed 3264K, reserved 1048576K
}
Event: 19.086 GC heap after
{Heap after GC invocations=14 (full 0):
 garbage-first heap   total 74752K, used 33783K [0x00000000cac00000, 0x0000000100000000)
  region size 1024K, 3 young (3072K), 3 survivors (3072K)
 Metaspace       used 27387K, committed 27776K, reserved 1073152K
  class space    used 3060K, committed 3264K, reserved 1048576K
}
Event: 20.139 GC heap before
{Heap before GC invocations=14 (full 0):
 garbage-first heap   total 74752K, used 54263K [0x00000000cac00000, 0x0000000100000000)
  region size 1024K, 23 young (23552K), 3 survivors (3072K)
 Metaspace       used 28480K, committed 28864K, reserved 1081344K
  class space    used 3243K, committed 3456K, reserved 1048576K
}
Event: 20.148 GC heap after
{Heap after GC invocations=15 (full 0):
 garbage-first heap   total 74752K, used 34951K [0x00000000cac00000, 0x0000000100000000)
  region size 1024K, 3 young (3072K), 3 survivors (3072K)
 Metaspace       used 28480K, committed 28864K, reserved 1081344K
  class space    used 3243K, committed 3456K, reserved 1048576K
}
Event: 23.157 GC heap before
{Heap before GC invocations=15 (full 0):
 garbage-first heap   total 74752K, used 45191K [0x00000000cac00000, 0x0000000100000000)
  region size 1024K, 14 young (14336K), 3 survivors (3072K)
 Metaspace       used 29440K, committed 29760K, reserved 1081344K
  class space    used 3335K, committed 3520K, reserved 1048576K
}
Event: 23.168 GC heap after
{Heap after GC invocations=16 (full 0):
 garbage-first heap   total 74752K, used 35670K [0x00000000cac00000, 0x0000000100000000)
  region size 1024K, 2 young (2048K), 2 survivors (2048K)
 Metaspace       used 29440K, committed 29760K, reserved 1081344K
  class space    used 3335K, committed 3520K, reserved 1048576K
}
Event: 23.637 GC heap before
{Heap before GC invocations=17 (full 0):
 garbage-first heap   total 74752K, used 69462K [0x00000000cac00000, 0x0000000100000000)
  region size 1024K, 7 young (7168K), 2 survivors (2048K)
 Metaspace       used 29822K, committed 30080K, reserved 1081344K
  class space    used 3385K, committed 3520K, reserved 1048576K
}
Event: 23.646 GC heap after
{Heap after GC invocations=18 (full 0):
 garbage-first heap   total 74752K, used 65736K [0x00000000cac00000, 0x0000000100000000)
  region size 1024K, 2 young (2048K), 2 survivors (2048K)
 Metaspace       used 29822K, committed 30080K, reserved 1081344K
  class space    used 3385K, committed 3520K, reserved 1048576K
}
Event: 23.657 GC heap before
{Heap before GC invocations=18 (full 0):
 garbage-first heap   total 74752K, used 67784K [0x00000000cac00000, 0x0000000100000000)
  region size 1024K, 3 young (3072K), 2 survivors (2048K)
 Metaspace       used 29822K, committed 30080K, reserved 1081344K
  class space    used 3385K, committed 3520K, reserved 1048576K
}
Event: 23.663 GC heap after
{Heap after GC invocations=19 (full 0):
 garbage-first heap   total 74752K, used 63724K [0x00000000cac00000, 0x0000000100000000)
  region size 1024K, 1 young (1024K), 1 survivors (1024K)
 Metaspace       used 29822K, committed 30080K, reserved 1081344K
  class space    used 3385K, committed 3520K, reserved 1048576K
}
Event: 23.773 GC heap before
{Heap before GC invocations=19 (full 0):
 garbage-first heap   total 74752K, used 65772K [0x00000000cac00000, 0x0000000100000000)
  region size 1024K, 2 young (2048K), 1 survivors (1024K)
 Metaspace       used 29825K, committed 30080K, reserved 1081344K
  class space    used 3385K, committed 3520K, reserved 1048576K
}
Event: 23.777 GC heap after
{Heap after GC invocations=20 (full 0):
 garbage-first heap   total 74752K, used 65748K [0x00000000cac00000, 0x0000000100000000)
  region size 1024K, 1 young (1024K), 1 survivors (1024K)
 Metaspace       used 29825K, committed 30080K, reserved 1081344K
  class space    used 3385K, committed 3520K, reserved 1048576K
}
Event: 24.495 GC heap before
{Heap before GC invocations=21 (full 0):
 garbage-first heap   total 116736K, used 111828K [0x00000000cac00000, 0x0000000100000000)
  region size 1024K, 2 young (2048K), 1 survivors (1024K)
 Metaspace       used 29826K, committed 30080K, reserved 1081344K
  class space    used 3385K, committed 3520K, reserved 1048576K
}
Event: 24.499 GC heap after
{Heap after GC invocations=22 (full 0):
 garbage-first heap   total 116736K, used 111823K [0x00000000cac00000, 0x0000000100000000)
  region size 1024K, 1 young (1024K), 1 survivors (1024K)
 Metaspace       used 29826K, committed 30080K, reserved 1081344K
  class space    used 3385K, committed 3520K, reserved 1048576K
}
Event: 24.502 GC heap before
{Heap before GC invocations=22 (full 0):
 garbage-first heap   total 116736K, used 111823K [0x00000000cac00000, 0x0000000100000000)
  region size 1024K, 1 young (1024K), 1 survivors (1024K)
 Metaspace       used 29826K, committed 30080K, reserved 1081344K
  class space    used 3385K, committed 3520K, reserved 1048576K
}
Event: 24.505 GC heap after
{Heap after GC invocations=23 (full 0):
 garbage-first heap   total 116736K, used 106826K [0x00000000cac00000, 0x0000000100000000)
  region size 1024K, 1 young (1024K), 1 survivors (1024K)
 Metaspace       used 29826K, committed 30080K, reserved 1081344K
  class space    used 3385K, committed 3520K, reserved 1048576K
}
Event: 24.743 GC heap before
{Heap before GC invocations=23 (full 0):
 garbage-first heap   total 116736K, used 109898K [0x00000000cac00000, 0x0000000100000000)
  region size 1024K, 2 young (2048K), 1 survivors (1024K)
 Metaspace       used 29826K, committed 30080K, reserved 1081344K
  class space    used 3385K, committed 3520K, reserved 1048576K
}

